<?xml version="1.0" encoding="UTF-8" standalone="no"?><testsuite errors="0" failures="1" name="As a User, I want to open Car Page, so that I can see the details of the car" skipped="0" tests="1" time="50.21" timestamp="2024-05-27 08:27:02"><testcase name="As User, I successfully open the car page and select tab without driver"><failure message="rental start date input is not visible&#10;Expected: &lt;true&gt;&#10;     but: was &lt;false&gt;" type="java.lang.AssertionError">rental start date input is not visible
Expected: &lt;true&gt;
     but: was &lt;false&gt;</failure><system-err>rental start date input is not visible
Expected: &lt;true&gt;
     but: was &lt;false&gt;
starter.stepdefinitions.CarProductSteps.iShouldSeeTheRentalStartDateInput(CarProductSteps.java:44)
✽.I should see the Rental Start Date input(classpath:features/cars/carsProduct.feature:9)
</system-err></testcase></testsuite>