<?xml version="1.0" encoding="UTF-8" standalone="no"?><testsuite errors="1" failures="0" name="As a User, I want to open Car Page, so that I can see the details of the car" skipped="0" tests="1" time="59.02" timestamp="2024-05-27 07:59:27"><testcase name="As User, I successfully open the car page and select tab without driver"><error message="element click intercepted: Element &lt;div dir=&quot;auto&quot; class=&quot;css-901oao r-1yadl64 r-1vonz36 r-109y4c4 r-1cis278 r-1udh08x r-t60dpp r-u8s1d r-3s2u2q r-92ng3h&quot;&gt;...&lt;/div&gt; is not clickable at point (975, 353). Other element would receive the click: &lt;div aria-checked=&quot;true&quot; tabindex=&quot;0&quot; class=&quot;css-1dbjc4n r-1loqt21 r-1otgn73 r-1i6wzkk r-lrvibr&quot; style=&quot;transition-duration: 0.25s;&quot;&gt;...&lt;/div&gt;&#10;  (Session info: chrome=125.0.6422.61)&#10;Build info: version: '4.20.0', revision: '866c76ca80'&#10;System info: os.name: 'Mac OS X', os.arch: 'x86_64', os.version: '14.4.1', java.version: '11.0.22'&#10;Driver info: org.openqa.selenium.chrome.ChromeDriver&#10;Command: [257c29de81ed4f5c5cce547149faf45e, clickElement {id=f.611250F1DE113D45CC29697EE7285994.d.2E16F80D475245ADEC67429A9DE050F1.e.242}]&#10;Capabilities {acceptInsecureCerts: true, browserName: chrome, browserVersion: 125.0.6422.61, chrome: {chromedriverVersion: 125.0.6422.78 (14db42ec38ad..., userDataDir: /var/folders/8d/q670wbqn72j...}, fedcm:accounts: true, goog:chromeOptions: {debuggerAddress: localhost:58313}, networkConnectionEnabled: false, pageLoadStrategy: normal, platformName: mac, proxy: Proxy(), se:cdp: ws://localhost:58313/devtoo..., se:cdpVersion: 125.0.6422.61, setWindowRect: true, strictFileInteractability: false, timeouts: {implicit: 0, pageLoad: 300000, script: 30000}, unhandledPromptBehavior: dismiss and notify, webauthn:extension:credBlob: true, webauthn:extension:largeBlob: true, webauthn:extension:minPinLength: true, webauthn:extension:prf: true, webauthn:virtualAuthenticators: true}&#10;Element: [[ChromeDriver: chrome on mac (257c29de81ed4f5c5cce547149faf45e)] -&gt; xpath: //div[contains(text(),'Continue')]]&#10;Session ID: 257c29de81ed4f5c5cce547149faf45e&#10;Build info: version: '4.20.0', revision: '866c76ca80'&#10;System info: os.name: 'Mac OS X', os.arch: 'x86_64', os.version: '14.4.1', java.version: '11.0.22'&#10;Driver info: driver.version: unknown" type="org.openqa.selenium.ElementClickInterceptedException">element click intercepted: Element &lt;div dir="auto" class="css-901oao r-1yadl64 r-1vonz36 r-109y4c4 r-1cis278 r-1udh08x r-t60dpp r-u8s1d r-3s2u2q r-92ng3h"&gt;...&lt;/div&gt; is not clickable at point (975, 353). Other element would receive the click: &lt;div aria-checked="true" tabindex="0" class="css-1dbjc4n r-1loqt21 r-1otgn73 r-1i6wzkk r-lrvibr" style="transition-duration: 0.25s;"&gt;...&lt;/div&gt;
  (Session info: chrome=125.0.6422.61)
Build info: version: '4.20.0', revision: '866c76ca80'
System info: os.name: 'Mac OS X', os.arch: 'x86_64', os.version: '14.4.1', java.version: '11.0.22'
Driver info: org.openqa.selenium.chrome.ChromeDriver
Command: [257c29de81ed4f5c5cce547149faf45e, clickElement {id=f.611250F1DE113D45CC29697EE7285994.d.2E16F80D475245ADEC67429A9DE050F1.e.242}]
Capabilities {acceptInsecureCerts: true, browserName: chrome, browserVersion: 125.0.6422.61, chrome: {chromedriverVersion: 125.0.6422.78 (14db42ec38ad..., userDataDir: /var/folders/8d/q670wbqn72j...}, fedcm:accounts: true, goog:chromeOptions: {debuggerAddress: localhost:58313}, networkConnectionEnabled: false, pageLoadStrategy: normal, platformName: mac, proxy: Proxy(), se:cdp: ws://localhost:58313/devtoo..., se:cdpVersion: 125.0.6422.61, setWindowRect: true, strictFileInteractability: false, timeouts: {implicit: 0, pageLoad: 300000, script: 30000}, unhandledPromptBehavior: dismiss and notify, webauthn:extension:credBlob: true, webauthn:extension:largeBlob: true, webauthn:extension:minPinLength: true, webauthn:extension:prf: true, webauthn:virtualAuthenticators: true}
Element: [[ChromeDriver: chrome on mac (257c29de81ed4f5c5cce547149faf45e)] -&gt; xpath: //div[contains(text(),'Continue')]]
Session ID: 257c29de81ed4f5c5cce547149faf45e
Build info: version: '4.20.0', revision: '866c76ca80'
System info: os.name: 'Mac OS X', os.arch: 'x86_64', os.version: '14.4.1', java.version: '11.0.22'
Driver info: driver.version: unknown</error><system-err>element click intercepted: Element &lt;div dir="auto" class="css-901oao r-1yadl64 r-1vonz36 r-109y4c4 r-1cis278 r-1udh08x r-t60dpp r-u8s1d r-3s2u2q r-92ng3h"&gt;...&lt;/div&gt; is not clickable at point (975, 353). Other element would receive the click: &lt;div aria-checked="true" tabindex="0" class="css-1dbjc4n r-1loqt21 r-1otgn73 r-1i6wzkk r-lrvibr" style="transition-duration: 0.25s;"&gt;...&lt;/div&gt;
  (Session info: chrome=125.0.6422.61)
Build info: version: '4.20.0', revision: '866c76ca80'
System info: os.name: 'Mac OS X', os.arch: 'x86_64', os.version: '14.4.1', java.version: '11.0.22'
Driver info: org.openqa.selenium.chrome.ChromeDriver
Command: [257c29de81ed4f5c5cce547149faf45e, clickElement {id=f.611250F1DE113D45CC29697EE7285994.d.2E16F80D475245ADEC67429A9DE050F1.e.242}]
Capabilities {acceptInsecureCerts: true, browserName: chrome, browserVersion: 125.0.6422.61, chrome: {chromedriverVersion: 125.0.6422.78 (14db42ec38ad..., userDataDir: /var/folders/8d/q670wbqn72j...}, fedcm:accounts: true, goog:chromeOptions: {debuggerAddress: localhost:58313}, networkConnectionEnabled: false, pageLoadStrategy: normal, platformName: mac, proxy: Proxy(), se:cdp: ws://localhost:58313/devtoo..., se:cdpVersion: 125.0.6422.61, setWindowRect: true, strictFileInteractability: false, timeouts: {implicit: 0, pageLoad: 300000, script: 30000}, unhandledPromptBehavior: dismiss and notify, webauthn:extension:credBlob: true, webauthn:extension:largeBlob: true, webauthn:extension:minPinLength: true, webauthn:extension:prf: true, webauthn:virtualAuthenticators: true}
Element: [[ChromeDriver: chrome on mac (257c29de81ed4f5c5cce547149faf45e)] -&gt; xpath: //div[contains(text(),'Continue')]]
Session ID: 257c29de81ed4f5c5cce547149faf45e
Build info: version: '4.20.0', revision: '866c76ca80'
System info: os.name: 'Mac OS X', os.arch: 'x86_64', os.version: '14.4.1', java.version: '11.0.22'
Driver info: driver.version: unknown
starter.pages.CarProductPages.clickFirstContinueBtnOnCarProductList(CarProductPages.java:374)
starter.stepdefinitions.CarProductSteps.iSelectFirstCar(CarProductSteps.java:125)
✽.I select first car(classpath:features/cars/carsProduct.feature:23)
</system-err></testcase></testsuite>